
<?xml version="1.0" encoding="utf-8"?>

<test type="ttest">
	<string name="references" value="0.159155, 0.0, 0.2718496"/>
	<!-- <integer name="sampleCount" value="1000000"/> -->
	
	<!-- Test 1: Scene with two materials, returns 0.5/pi -->
	<scene>
		<integrator type="material" />

		<camera type="perspective">
			<transform name="toWorld">
				<lookat target="0, -1, 0"  origin="0, 3, 0" up="0, 0, 1"/>
			</transform>

			<float name="fov" value="1"/>
			<integer name="width" value="1"/>
			<integer name="height" value="1"/>
		</camera>

		<mesh type="obj">
			<string name="filename" value="disk.obj"/>
			<transform name="toWorld">
				<translate value="0,-1,0"/>
			</transform>
			<bsdf type="diffuse">
				<color name="albedo" value="1,1,1"/>
			</bsdf>
		</mesh>

		<mesh type="obj">
			<string name="filename" value="disk.obj"/>
			<transform name="toWorld">
				<translate value="0,1,0"/>
			</transform>
			<bsdf type="diffuse">
				<color name="albedo" value="0.5,0.5,0.5"/>
			</bsdf>
		</mesh>
	</scene>

	<!-- Test 2: Hitting from the back side -->
	<scene>
		<integrator type="material" />

		<camera type="perspective">
			<transform name="toWorld">
				<lookat target="0, -1, 0"  origin="0, 10, 0" up="0, 0, 1"/>
			</transform>

			<float name="fov" value="1"/>
			<integer name="width" value="1"/>
			<integer name="height" value="1"/>
		</camera>

		<mesh type="obj">
			<string name="filename" value="disk.obj"/>
			<transform name="toWorld">
				<rotate axis="0,0,1" angle="180"/>
			</transform>
			<bsdf type="diffuse" />
		</mesh>
	</scene>

	<!-- Test 2: Using uv texture -->
	<scene>
		<integrator type="material" />

		<camera type="perspective">
			<transform name="toWorld">
				<lookat target="0, -1, 0"  origin="0, 3, 0" up="0, 0, 1"/>
			</transform>

			<float name="fov" value="1"/>
			<integer name="width" value="1"/>
			<integer name="height" value="1"/>
		</camera>

		<mesh type="obj">
			<string name="filename" value="disk.obj"/>
			<bsdf type="diffuse">
				<texture name="albedo" type="uvtexture" />
			</bsdf>
		</mesh>
	</scene>
</test>